Vercel CLI 44.7.3
Retrieving project…
Deploying cheon43-gmailcoms-projects/commerce-nextjs
Uploading [--------------------] (0.0B/2.7KB)
Uploading [====================] (2.7KB/2.7KB)
Inspect: https://vercel.com/cheon43-gmailcoms-projects/commerce-nextjs/CWXLmiQU9xhLCARFmLUNuet2J1i2 [3s]
Production: https://commerce-nextjs-coezrjokt-cheon43-gmailcoms-projects.vercel.app [3s]
https://commerce-nextjs-coezrjokt-cheon43-gmailcoms-projects.vercel.appQueued
2025-09-03T16:12:03.648Z  Running build in Washington, D.C., USA (East) – iad1
2025-09-03T16:12:03.648Z  Build machine configuration: 4 cores, 8 GB
2025-09-03T16:12:03.666Z  Retrieving list of deployment files...
2025-09-03T16:12:03.764Z  Previous build caches not available
2025-09-03T16:12:04.368Z  Downloading 868 deployment files...
2025-09-03T16:12:07.747Z  Running "vercel build"
2025-09-03T16:12:08.168Z  Vercel CLI 46.1.1
2025-09-03T16:12:08.639Z  Warning: Detected "engines": { "node": ">=18.0.0" } in your `package.json` that will automatically upgrade when a new major Node.js Version is released. Learn More: http://vercel.link/node-version
2025-09-03T16:12:08.675Z  Detected `pnpm-lock.yaml` 9 which may be generated by pnpm@9.x or pnpm@10.x
2025-09-03T16:12:08.675Z  Using pnpm@10.x based on project creation date
2025-09-03T16:12:08.675Z  To use pnpm@9.x, manually opt in using corepack (https://vercel.com/docs/deployments/configure-a-build#corepack)
2025-09-03T16:12:08.680Z  Running "install" command: `npm install`...
2025-09-03T16:12:26.066Z  
2025-09-03T16:12:26.067Z  added 513 packages, and audited 514 packages in 17s
2025-09-03T16:12:26.067Z  
2025-09-03T16:12:26.067Z  96 packages are looking for funding
2025-09-03T16:12:26.067Z    run `npm fund` for details
2025-09-03T16:12:26.098Z  
2025-09-03T16:12:26.098Z  1 moderate severity vulnerability
2025-09-03T16:12:26.098Z  
2025-09-03T16:12:26.098Z  To address all issues, run:
2025-09-03T16:12:26.098Z    npm audit fix --force
2025-09-03T16:12:26.098Z  
2025-09-03T16:12:26.098Z  Run `npm audit` for details.
2025-09-03T16:12:26.434Z  Detected Next.js version: 15.4.6
2025-09-03T16:12:26.435Z  Running "npm run build"
2025-09-03T16:12:26.673Z  
2025-09-03T16:12:26.673Z  > korean-enterprise-commerce@1.0.0 build
2025-09-03T16:12:26.673Z  > next build
2025-09-03T16:12:26.673Z  
2025-09-03T16:12:28.111Z  Attention: Next.js now collects completely anonymous telemetry regarding usage.
2025-09-03T16:12:28.111Z  This information is used to shape Next.js' roadmap and prioritize features.
2025-09-03T16:12:28.112Z  You can learn more, including how to opt-out if you'd not like to participate in this anonymous program, by visiting the following URL:
2025-09-03T16:12:28.112Z  https://nextjs.org/telemetry
2025-09-03T16:12:28.112Z  
2025-09-03T16:12:28.262Z     ▲ Next.js 15.4.6
2025-09-03T16:12:28.262Z     - Environments: .env.production, .env
2025-09-03T16:12:28.263Z     - Experiments (use with caution):
2025-09-03T16:12:28.263Z       · serverActions
2025-09-03T16:12:28.263Z  
2025-09-03T16:12:28.454Z     Creating an optimized production build ...
2025-09-03T16:12:57.639Z   ⚠ Compiled with warnings in 27.0s
2025-09-03T16:12:57.639Z  
2025-09-03T16:12:57.639Z  ./components/HomePage.tsx
2025-09-03T16:12:57.639Z  Attempted import error: 'CriticalCSS' is not exported from '@/components/CriticalCSS' (imported as 'CriticalCSS').
2025-09-03T16:12:57.639Z  
2025-09-03T16:12:57.639Z  Import trace for requested module:
2025-09-03T16:12:57.639Z  ./components/HomePage.tsx
2025-09-03T16:12:57.640Z  
2025-09-03T16:12:57.640Z  ./app/api/admin/analytics/route.ts
2025-09-03T16:12:57.640Z  Attempted import error: 'prisma' is not exported from '@/lib/db' (imported as 'prisma').
2025-09-03T16:12:57.640Z  
2025-09-03T16:12:57.640Z  Import trace for requested module:
2025-09-03T16:12:57.640Z  ./app/api/admin/analytics/route.ts
2025-09-03T16:12:57.640Z  
2025-09-03T16:12:57.640Z  ./app/api/admin/analytics/route.ts
2025-09-03T16:12:57.640Z  Attempted import error: 'prisma' is not exported from '@/lib/db' (imported as 'prisma').
2025-09-03T16:12:57.641Z  
2025-09-03T16:12:57.641Z  Import trace for requested module:
2025-09-03T16:12:57.641Z  ./app/api/admin/analytics/route.ts
2025-09-03T16:12:57.641Z  
2025-09-03T16:12:57.641Z  ./app/api/admin/analytics/route.ts
2025-09-03T16:12:57.641Z  Attempted import error: 'prisma' is not exported from '@/lib/db' (imported as 'prisma').
2025-09-03T16:12:57.641Z  
2025-09-03T16:12:57.641Z  Import trace for requested module:
2025-09-03T16:12:57.641Z  ./app/api/admin/analytics/route.ts
2025-09-03T16:12:57.641Z  
2025-09-03T16:12:57.641Z  ./app/api/admin/analytics/route.ts
2025-09-03T16:12:57.641Z  Attempted import error: 'prisma' is not exported from '@/lib/db' (imported as 'prisma').
2025-09-03T16:12:57.641Z  
2025-09-03T16:12:57.641Z  Import trace for requested module:
2025-09-03T16:12:57.641Z  ./app/api/admin/analytics/route.ts
2025-09-03T16:12:57.641Z  
2025-09-03T16:12:57.641Z  ./app/api/admin/analytics/route.ts
2025-09-03T16:12:57.641Z  Attempted import error: 'prisma' is not exported from '@/lib/db' (imported as 'prisma').
2025-09-03T16:12:57.642Z  
2025-09-03T16:12:57.642Z  Import trace for requested module:
2025-09-03T16:12:57.642Z  ./app/api/admin/analytics/route.ts
2025-09-03T16:12:57.642Z  
2025-09-03T16:12:57.642Z  ./app/api/admin/analytics/route.ts
2025-09-03T16:12:57.642Z  Attempted import error: 'prisma' is not exported from '@/lib/db' (imported as 'prisma').
2025-09-03T16:12:57.642Z  
2025-09-03T16:12:57.642Z  Import trace for requested module:
2025-09-03T16:12:57.642Z  ./app/api/admin/analytics/route.ts
2025-09-03T16:12:57.642Z  
2025-09-03T16:12:57.642Z  ./app/api/admin/analytics/route.ts
2025-09-03T16:12:57.642Z  Attempted import error: 'prisma' is not exported from '@/lib/db' (imported as 'prisma').
2025-09-03T16:12:57.642Z  
2025-09-03T16:12:57.642Z  Import trace for requested module:
2025-09-03T16:12:57.642Z  ./app/api/admin/analytics/route.ts
2025-09-03T16:12:57.643Z  
2025-09-03T16:12:57.643Z  ./app/api/admin/analytics/route.ts
2025-09-03T16:12:57.643Z  Attempted import error: 'prisma' is not exported from '@/lib/db' (imported as 'prisma').
2025-09-03T16:12:57.643Z  
2025-09-03T16:12:57.643Z  Import trace for requested module:
2025-09-03T16:12:57.643Z  ./app/api/admin/analytics/route.ts
2025-09-03T16:12:57.643Z  
2025-09-03T16:12:57.643Z  ./app/api/admin/analytics/route.ts
2025-09-03T16:12:57.643Z  Attempted import error: 'prisma' is not exported from '@/lib/db' (imported as 'prisma').
2025-09-03T16:12:57.643Z  
2025-09-03T16:12:57.643Z  Import trace for requested module:
2025-09-03T16:12:57.643Z  ./app/api/admin/analytics/route.ts
2025-09-03T16:12:57.643Z  
2025-09-03T16:12:57.643Z  ./app/api/admin/campaigns/[id]/payment-status/route.ts
2025-09-03T16:12:57.643Z  Attempted import error: 'prisma' is not exported from '@/lib/db' (imported as 'prisma').
2025-09-03T16:12:57.643Z  
2025-09-03T16:12:57.643Z  Import trace for requested module:
2025-09-03T16:12:57.644Z  ./app/api/admin/campaigns/[id]/payment-status/route.ts
2025-09-03T16:12:57.644Z  
2025-09-03T16:12:57.644Z  ./app/api/admin/corporate-payments/[id]/match/route.ts
2025-09-03T16:12:57.644Z  Attempted import error: 'prisma' is not exported from '@/lib/db' (imported as 'prisma').
2025-09-03T16:12:57.644Z  
2025-09-03T16:12:57.644Z  Import trace for requested module:
2025-09-03T16:12:57.644Z  ./app/api/admin/corporate-payments/[id]/match/route.ts
2025-09-03T16:12:57.644Z  
2025-09-03T16:12:57.645Z  ./app/api/admin/dashboard/route.ts
2025-09-03T16:12:57.645Z  Attempted import error: 'prisma' is not exported from '@/lib/db' (imported as 'prisma').
2025-09-03T16:12:57.645Z  
2025-09-03T16:12:57.645Z  Import trace for requested module:
2025-09-03T16:12:57.645Z  ./app/api/admin/dashboard/route.ts
2025-09-03T16:12:57.645Z  
2025-09-03T16:12:57.645Z  ./app/api/admin/language-pack-keys/route.ts
2025-09-03T16:12:57.645Z  Attempted import error: 'prisma' is not exported from '@/lib/db' (imported as 'prisma').
2025-09-03T16:12:57.645Z  
2025-09-03T16:12:57.645Z  Import trace for requested module:
2025-09-03T16:12:57.645Z  ./app/api/admin/language-pack-keys/route.ts
2025-09-03T16:12:57.645Z  
2025-09-03T16:12:57.645Z  ./app/api/admin/language-packs/translate/route.ts
2025-09-03T16:12:57.645Z  Attempted import error: 'prisma' is not exported from '@/lib/db' (imported as 'prisma').
2025-09-03T16:12:57.645Z  
2025-09-03T16:12:57.645Z  Import trace for requested module:
2025-09-03T16:12:57.646Z  ./app/api/admin/language-packs/translate/route.ts
2025-09-03T16:12:57.646Z  
2025-09-03T16:12:57.646Z  ./app/api/admin/language-packs/translate/route.ts
2025-09-03T16:12:57.646Z  Attempted import error: 'prisma' is not exported from '@/lib/db' (imported as 'prisma').
2025-09-03T16:12:57.646Z  
2025-09-03T16:12:57.646Z  Import trace for requested module:
2025-09-03T16:12:57.646Z  ./app/api/admin/language-packs/translate/route.ts
2025-09-03T16:12:57.646Z  
2025-09-03T16:12:57.646Z  ./app/api/admin/payments/route.ts
2025-09-03T16:12:57.646Z  Attempted import error: 'prisma' is not exported from '@/lib/db' (imported as 'prisma').
2025-09-03T16:12:57.646Z  
2025-09-03T16:12:57.646Z  Import trace for requested module:
2025-09-03T16:12:57.647Z  ./app/api/admin/payments/route.ts
2025-09-03T16:12:57.647Z  
2025-09-03T16:12:57.647Z  ./app/api/admin/payments/route.ts
2025-09-03T16:12:57.647Z  Attempted import error: 'prisma' is not exported from '@/lib/db' (imported as 'prisma').
2025-09-03T16:12:57.649Z  
2025-09-03T16:12:57.649Z  Import trace for requested module:
2025-09-03T16:12:57.649Z  ./app/api/admin/payments/route.ts
2025-09-03T16:12:57.649Z  
2025-09-03T16:12:57.649Z  ./app/api/admin/payments/route.ts
2025-09-03T16:12:57.649Z  Attempted import error: 'prisma' is not exported from '@/lib/db' (imported as 'prisma').
2025-09-03T16:12:57.649Z  
2025-09-03T16:12:57.649Z  Import trace for requested module:
2025-09-03T16:12:57.649Z  ./app/api/admin/payments/route.ts
2025-09-03T16:12:57.649Z  
2025-09-03T16:12:57.649Z  ./app/api/admin/posts/[id]/route.ts
2025-09-03T16:12:57.649Z  Attempted import error: 'prisma' is not exported from '@/lib/db' (imported as 'prisma').
2025-09-03T16:12:57.649Z  
2025-09-03T16:12:57.650Z  Import trace for requested module:
2025-09-03T16:12:57.650Z  ./app/api/admin/posts/[id]/route.ts
2025-09-03T16:12:57.650Z  
2025-09-03T16:12:57.650Z  ./app/api/admin/posts/[id]/route.ts
2025-09-03T16:12:57.650Z  Attempted import error: 'prisma' is not exported from '@/lib/db' (imported as 'prisma').
2025-09-03T16:12:57.650Z  
2025-09-03T16:12:57.650Z  Import trace for requested module:
2025-09-03T16:12:57.650Z  ./app/api/admin/posts/[id]/route.ts
2025-09-03T16:12:57.650Z  
2025-09-03T16:12:57.650Z  ./app/api/admin/posts/[id]/route.ts
2025-09-03T16:12:57.650Z  Attempted import error: 'prisma' is not exported from '@/lib/db' (imported as 'prisma').
2025-09-03T16:12:57.650Z  
2025-09-03T16:12:57.650Z  Import trace for requested module:
2025-09-03T16:12:57.650Z  ./app/api/admin/posts/[id]/route.ts
2025-09-03T16:12:57.651Z  
2025-09-03T16:12:57.651Z  ./app/api/admin/posts/[id]/route.ts
2025-09-03T16:12:57.651Z  Attempted import error: 'prisma' is not exported from '@/lib/db' (imported as 'prisma').
2025-09-03T16:12:57.651Z  
2025-09-03T16:12:57.651Z  Import trace for requested module:
2025-09-03T16:12:57.651Z  ./app/api/admin/posts/[id]/route.ts
2025-09-03T16:12:57.651Z  
2025-09-03T16:12:57.651Z  ./app/api/admin/reports/[id]/route.ts
2025-09-03T16:12:57.651Z  Attempted import error: 'prisma' is not exported from '@/lib/db' (imported as 'prisma').
2025-09-03T16:12:57.652Z  
2025-09-03T16:12:57.652Z  Import trace for requested module:
2025-09-03T16:12:57.652Z  ./app/api/admin/reports/[id]/route.ts
2025-09-03T16:12:57.652Z  
2025-09-03T16:12:57.652Z  ./app/api/admin/reports/route.ts
2025-09-03T16:12:57.652Z  Attempted import error: 'prisma' is not exported from '@/lib/db' (imported as 'prisma').
2025-09-03T16:12:57.652Z  
2025-09-03T16:12:57.652Z  Import trace for requested module:
2025-09-03T16:12:57.652Z  ./app/api/admin/reports/route.ts
2025-09-03T16:12:57.653Z  
2025-09-03T16:12:57.653Z  ./app/api/admin/reports/route.ts
2025-09-03T16:12:57.653Z  Attempted import error: 'prisma' is not exported from '@/lib/db' (imported as 'prisma').
2025-09-03T16:12:57.653Z  
2025-09-03T16:12:57.653Z  Import trace for requested module:
2025-09-03T16:12:57.653Z  ./app/api/admin/reports/route.ts
2025-09-03T16:12:57.654Z  
2025-09-03T16:12:57.654Z  ./app/api/admin/revenue/route.ts
2025-09-03T16:12:57.654Z  Attempted import error: 'prisma' is not exported from '@/lib/db' (imported as 'prisma').
2025-09-03T16:12:57.654Z  
2025-09-03T16:12:57.654Z  Import trace for requested module:
2025-09-03T16:12:57.654Z  ./app/api/admin/revenue/route.ts
2025-09-03T16:12:57.654Z  
2025-09-03T16:12:57.654Z  ./app/api/admin/revenue/route.ts
2025-09-03T16:12:57.654Z  Attempted import error: 'prisma' is not exported from '@/lib/db' (imported as 'prisma').
2025-09-03T16:12:57.654Z  
2025-09-03T16:12:57.655Z  Import trace for requested module:
2025-09-03T16:12:57.655Z  ./app/api/admin/revenue/route.ts
2025-09-03T16:12:57.655Z  
2025-09-03T16:12:57.655Z  ./app/api/admin/revenue/route.ts
2025-09-03T16:12:57.655Z  Attempted import error: 'prisma' is not exported from '@/lib/db' (imported as 'prisma').
2025-09-03T16:12:57.655Z  
2025-09-03T16:12:57.655Z  Import trace for requested module:
2025-09-03T16:12:57.655Z  ./app/api/admin/revenue/route.ts
2025-09-03T16:12:57.655Z  
2025-09-03T16:12:57.655Z  ./app/api/admin/revenue/route.ts
2025-09-03T16:12:57.655Z  Attempted import error: 'prisma' is not exported from '@/lib/db' (imported as 'prisma').
2025-09-03T16:12:57.655Z  
2025-09-03T16:12:57.655Z  Import trace for requested module:
2025-09-03T16:12:57.655Z  ./app/api/admin/revenue/route.ts
2025-09-03T16:12:57.655Z  
2025-09-03T16:12:57.655Z  ./app/api/admin/revenue/route.ts
2025-09-03T16:12:57.655Z  Attempted import error: 'prisma' is not exported from '@/lib/db' (imported as 'prisma').
2025-09-03T16:12:57.656Z  
2025-09-03T16:12:57.656Z  Import trace for requested module:
2025-09-03T16:12:57.656Z  ./app/api/admin/revenue/route.ts
2025-09-03T16:12:57.656Z  
2025-09-03T16:12:57.656Z  ./app/api/admin/sales-data/route.ts
2025-09-03T16:12:57.656Z  Attempted import error: 'prisma' is not exported from '@/lib/db' (imported as 'prisma').
2025-09-03T16:12:57.656Z  
2025-09-03T16:12:57.656Z  Import trace for requested module:
2025-09-03T16:12:57.656Z  ./app/api/admin/sales-data/route.ts
2025-09-03T16:12:57.656Z  
2025-09-03T16:12:57.656Z  ./app/api/admin/stats/route.ts
2025-09-03T16:12:57.656Z  Attempted import error: 'prisma' is not exported from '@/lib/db' (imported as 'prisma').
2025-09-03T16:12:57.656Z  
2025-09-03T16:12:57.656Z  Import trace for requested module:
2025-09-03T16:12:57.656Z  ./app/api/admin/stats/route.ts
2025-09-03T16:12:57.656Z  
2025-09-03T16:12:57.657Z  ./app/api/admin/stats/route.ts
2025-09-03T16:12:57.657Z  Attempted import error: 'prisma' is not exported from '@/lib/db' (imported as 'prisma').
2025-09-03T16:12:57.657Z  
2025-09-03T16:12:57.657Z  Import trace for requested module:
2025-09-03T16:12:57.657Z  ./app/api/admin/stats/route.ts
2025-09-03T16:12:57.657Z  
2025-09-03T16:12:57.657Z  ./app/api/admin/top-products/route.ts
2025-09-03T16:12:57.657Z  Attempted import error: 'prisma' is not exported from '@/lib/db' (imported as 'prisma').
2025-09-03T16:12:57.657Z  
2025-09-03T16:12:57.657Z  Import trace for requested module:
2025-09-03T16:12:57.657Z  ./app/api/admin/top-products/route.ts
2025-09-03T16:12:57.657Z  
2025-09-03T16:12:57.657Z  ./app/api/admin/translations/settings/route.ts
2025-09-03T16:12:57.657Z  Attempted import error: '@/lib/utils/logger' does not contain a default export (imported as 'logger').
2025-09-03T16:12:57.657Z  
2025-09-03T16:12:57.657Z  Import trace for requested module:
2025-09-03T16:12:57.657Z  ./app/api/admin/translations/settings/route.ts
2025-09-03T16:12:57.658Z  
2025-09-03T16:12:57.658Z  ./app/api/admin/translations/settings/route.ts
2025-09-03T16:12:57.658Z  Attempted import error: '@/lib/utils/logger' does not contain a default export (imported as 'logger').
2025-09-03T16:12:57.658Z  
2025-09-03T16:12:57.658Z  Import trace for requested module:
2025-09-03T16:12:57.658Z  ./app/api/admin/translations/settings/route.ts
2025-09-03T16:12:57.658Z  
2025-09-03T16:12:57.658Z  ./app/api/admin/translations/settings/route.ts
2025-09-03T16:12:57.658Z  Attempted import error: '@/lib/utils/logger' does not contain a default export (imported as 'logger').
2025-09-03T16:12:57.658Z  
2025-09-03T16:12:57.658Z  Import trace for requested module:
2025-09-03T16:12:57.658Z  ./app/api/admin/translations/settings/route.ts
2025-09-03T16:12:57.658Z  
2025-09-03T16:12:57.658Z  ./app/api/admin/translations/settings/route.ts
2025-09-03T16:12:57.658Z  Attempted import error: '@/lib/utils/logger' does not contain a default export (imported as 'logger').
2025-09-03T16:12:57.659Z  
2025-09-03T16:12:57.659Z  Import trace for requested module:
2025-09-03T16:12:57.659Z  ./app/api/admin/translations/settings/route.ts
2025-09-03T16:12:57.659Z  
2025-09-03T16:12:57.659Z  ./app/api/admin/users/[id]/route.ts
2025-09-03T16:12:57.659Z  Attempted import error: 'prisma' is not exported from '@/lib/db' (imported as 'prisma').
2025-09-03T16:12:57.659Z  
2025-09-03T16:12:57.659Z  Import trace for requested module:
2025-09-03T16:12:57.659Z  ./app/api/admin/users/[id]/route.ts
2025-09-03T16:12:57.659Z  
2025-09-03T16:12:57.659Z  ./app/api/admin/users/[id]/route.ts
2025-09-03T16:12:57.659Z  Attempted import error: 'prisma' is not exported from '@/lib/db' (imported as 'prisma').
2025-09-03T16:12:57.659Z  
2025-09-03T16:12:57.659Z  Import trace for requested module:
2025-09-03T16:12:57.659Z  ./app/api/admin/users/[id]/route.ts
2025-09-03T16:12:57.659Z  
2025-09-03T16:12:57.659Z  ./app/api/admin/users/[id]/route.ts
2025-09-03T16:12:57.659Z  Attempted import error: 'prisma' is not exported from '@/lib/db' (imported as 'prisma').
2025-09-03T16:12:57.660Z  
2025-09-03T16:12:57.660Z  Import trace for requested module:
2025-09-03T16:12:57.660Z  ./app/api/admin/users/[id]/route.ts
2025-09-03T16:12:57.660Z  
2025-09-03T16:12:57.660Z  ./app/api/admin/users/route.ts
2025-09-03T16:12:57.660Z  Attempted import error: 'prisma' is not exported from '@/lib/db' (imported as 'prisma').
2025-09-03T16:12:57.660Z  
2025-09-03T16:12:57.660Z  Import trace for requested module:
2025-09-03T16:12:57.660Z  ./app/api/admin/users/route.ts
2025-09-03T16:12:57.660Z  
2025-09-03T16:12:57.660Z  ./app/api/admin/users/route.ts
2025-09-03T16:12:57.660Z  Attempted import error: 'prisma' is not exported from '@/lib/db' (imported as 'prisma').
2025-09-03T16:12:57.660Z  
2025-09-03T16:12:57.660Z  Import trace for requested module:
2025-09-03T16:12:57.660Z  ./app/api/admin/users/route.ts
2025-09-03T16:12:57.660Z  
2025-09-03T16:12:57.660Z  ./app/api/auth/demo-accounts/route.ts
2025-09-03T16:12:57.660Z  Attempted import error: 'prisma' is not exported from '@/lib/db' (imported as 'prisma').
2025-09-03T16:12:57.661Z  
2025-09-03T16:12:57.661Z  Import trace for requested module:
2025-09-03T16:12:57.661Z  ./app/api/auth/demo-accounts/route.ts
2025-09-03T16:12:57.661Z  
2025-09-03T16:12:57.661Z  ./app/api/boards/[code]/posts/[id]/route.ts
2025-09-03T16:12:57.661Z  Attempted import error: 'prisma' is not exported from '@/lib/db' (imported as 'prisma').
2025-09-03T16:12:57.661Z  
2025-09-03T16:12:57.661Z  Import trace for requested module:
2025-09-03T16:12:57.661Z  ./app/api/boards/[code]/posts/[id]/route.ts
2025-09-03T16:12:57.661Z  
2025-09-03T16:12:57.661Z  ./app/api/boards/[code]/posts/[id]/route.ts
2025-09-03T16:12:57.661Z  Attempted import error: 'prisma' is not exported from '@/lib/db' (imported as 'prisma').
2025-09-03T16:12:57.661Z  
2025-09-03T16:12:57.661Z  Import trace for requested module:
2025-09-03T16:12:57.661Z  ./app/api/boards/[code]/posts/[id]/route.ts
2025-09-03T16:12:57.661Z  
2025-09-03T16:12:57.661Z  ./app/api/boards/[code]/posts/[id]/route.ts
2025-09-03T16:12:57.662Z  Attempted import error: 'prisma' is not exported from '@/lib/db' (imported as 'prisma').
2025-09-03T16:12:57.662Z  
2025-09-03T16:12:57.662Z  Import trace for requested module:
2025-09-03T16:12:57.662Z  ./app/api/boards/[code]/posts/[id]/route.ts
2025-09-03T16:12:57.662Z  
2025-09-03T16:12:57.663Z  ./app/api/boards/[code]/posts/[id]/route.ts
2025-09-03T16:12:57.663Z  Attempted import error: 'prisma' is not exported from '@/lib/db' (imported as 'prisma').
2025-09-03T16:12:57.663Z  
2025-09-03T16:12:57.663Z  Import trace for requested module:
2025-09-03T16:12:57.663Z  ./app/api/boards/[code]/posts/[id]/route.ts
2025-09-03T16:12:57.663Z  
2025-09-03T16:12:57.663Z  ./app/api/boards/[code]/posts/[id]/route.ts
2025-09-03T16:12:57.663Z  Attempted import error: 'prisma' is not exported from '@/lib/db' (imported as 'prisma').
2025-09-03T16:12:57.663Z  
2025-09-03T16:12:57.663Z  Import trace for requested module:
2025-09-03T16:12:57.663Z  ./app/api/boards/[code]/posts/[id]/route.ts
2025-09-03T16:12:57.663Z  
2025-09-03T16:12:57.663Z  ./app/api/boards/[code]/posts/[id]/route.ts
2025-09-03T16:12:57.663Z  Attempted import error: 'prisma' is not exported from '@/lib/db' (imported as 'prisma').
2025-09-03T16:12:57.663Z  
2025-09-03T16:12:57.663Z  Import trace for requested module:
2025-09-03T16:12:57.663Z  ./app/api/boards/[code]/posts/[id]/route.ts
2025-09-03T16:12:57.664Z  
2025-09-03T16:12:57.664Z  ./app/api/boards/[code]/posts/[id]/route.ts
2025-09-03T16:12:57.664Z  Attempted import error: 'prisma' is not exported from '@/lib/db' (imported as 'prisma').
2025-09-03T16:12:57.664Z  
2025-09-03T16:12:57.664Z  Import trace for requested module:
2025-09-03T16:12:57.664Z  ./app/api/boards/[code]/posts/[id]/route.ts
2025-09-03T16:12:57.664Z  
2025-09-03T16:12:57.664Z  ./app/api/boards/[code]/posts/[id]/route.ts
2025-09-03T16:12:57.664Z  Attempted import error: 'prisma' is not exported from '@/lib/db' (imported as 'prisma').
2025-09-03T16:12:57.664Z  
2025-09-03T16:12:57.664Z  Import trace for requested module:
2025-09-03T16:12:57.664Z  ./app/api/boards/[code]/posts/[id]/route.ts
2025-09-03T16:12:57.664Z  
2025-09-03T16:12:57.664Z  ./app/api/boards/[code]/posts/route.ts
2025-09-03T16:12:57.664Z  Attempted import error: 'prisma' is not exported from '@/lib/db' (imported as 'prisma').
2025-09-03T16:12:57.664Z  
2025-09-03T16:12:57.664Z  Import trace for requested module:
2025-09-03T16:12:57.664Z  ./app/api/boards/[code]/posts/route.ts
2025-09-03T16:12:57.665Z  
2025-09-03T16:12:57.665Z  ./app/api/boards/[code]/posts/route.ts
2025-09-03T16:12:57.665Z  Attempted import error: 'prisma' is not exported from '@/lib/db' (imported as 'prisma').
2025-09-03T16:12:57.665Z  
2025-09-03T16:12:57.666Z  Import trace for requested module:
2025-09-03T16:12:57.666Z  ./app/api/boards/[code]/posts/route.ts
2025-09-03T16:12:57.666Z  
2025-09-03T16:12:57.666Z  ./app/api/boards/[code]/posts/route.ts
2025-09-03T16:12:57.666Z  Attempted import error: 'prisma' is not exported from '@/lib/db' (imported as 'prisma').
2025-09-03T16:12:57.666Z  
2025-09-03T16:12:57.666Z  Import trace for requested module:
2025-09-03T16:12:57.666Z  ./app/api/boards/[code]/posts/route.ts
2025-09-03T16:12:57.666Z  
2025-09-03T16:12:57.666Z  ./app/api/boards/[code]/posts/route.ts
2025-09-03T16:12:57.666Z  Attempted import error: 'prisma' is not exported from '@/lib/db' (imported as 'prisma').
2025-09-03T16:12:57.666Z  
2025-09-03T16:12:57.666Z  Import trace for requested module:
2025-09-03T16:12:57.666Z  ./app/api/boards/[code]/posts/route.ts
2025-09-03T16:12:57.666Z  
2025-09-03T16:12:57.666Z  ./app/api/boards/[code]/posts/route.ts
2025-09-03T16:12:57.666Z  Attempted import error: 'prisma' is not exported from '@/lib/db' (imported as 'prisma').
2025-09-03T16:12:57.666Z  
2025-09-03T16:12:57.667Z  Import trace for requested module:
2025-09-03T16:12:57.667Z  ./app/api/boards/[code]/posts/route.ts
2025-09-03T16:12:57.667Z  
2025-09-03T16:12:57.667Z  ./app/api/boards/[code]/route.ts
2025-09-03T16:12:57.667Z  Attempted import error: 'prisma' is not exported from '@/lib/db' (imported as 'prisma').
2025-09-03T16:12:57.667Z  
2025-09-03T16:12:57.667Z  Import trace for requested module:
2025-09-03T16:12:57.667Z  ./app/api/boards/[code]/route.ts
2025-09-03T16:12:57.667Z  
2025-09-03T16:12:57.667Z  ./app/api/boards/route.ts
2025-09-03T16:12:57.667Z  Attempted import error: 'prisma' is not exported from '@/lib/db' (imported as 'prisma').
2025-09-03T16:12:57.667Z  
2025-09-03T16:12:57.667Z  Import trace for requested module:
2025-09-03T16:12:57.667Z  ./app/api/boards/route.ts
2025-09-03T16:12:57.667Z  
2025-09-03T16:12:57.667Z  ./app/api/display/analytics/route.ts
2025-09-03T16:12:57.667Z  Attempted import error: 'prisma' is not exported from '@/lib/db' (imported as 'prisma').
2025-09-03T16:12:57.667Z  
2025-09-03T16:12:57.667Z  Import trace for requested module:
2025-09-03T16:12:57.667Z  ./app/api/display/analytics/route.ts
2025-09-03T16:12:57.667Z  
2025-09-03T16:12:57.667Z  ./app/api/display/analytics/route.ts
2025-09-03T16:12:57.668Z  Attempted import error: 'prisma' is not exported from '@/lib/db' (imported as 'prisma').
2025-09-03T16:12:57.668Z  
2025-09-03T16:12:57.668Z  Import trace for requested module:
2025-09-03T16:12:57.668Z  ./app/api/display/analytics/route.ts
2025-09-03T16:12:57.668Z  
2025-09-03T16:12:57.668Z  ./app/api/display/analytics/route.ts
2025-09-03T16:12:57.668Z  Attempted import error: 'prisma' is not exported from '@/lib/db' (imported as 'prisma').
2025-09-03T16:12:57.668Z  
2025-09-03T16:12:57.668Z  Import trace for requested module:
2025-09-03T16:12:57.668Z  ./app/api/display/analytics/route.ts
2025-09-03T16:12:57.668Z  
2025-09-03T16:12:57.668Z  ./app/api/display/analytics/route.ts
2025-09-03T16:12:57.668Z  Attempted import error: 'prisma' is not exported from '@/lib/db' (imported as 'prisma').
2025-09-03T16:12:57.668Z  
2025-09-03T16:12:57.668Z  Import trace for requested module:
2025-09-03T16:12:57.668Z  ./app/api/display/analytics/route.ts
2025-09-03T16:12:57.668Z  
2025-09-03T16:12:57.668Z  ./app/api/home/content/route.ts
2025-09-03T16:12:57.668Z  Attempted import error: 'prisma' is not exported from '@/lib/db' (imported as 'prisma').
2025-09-03T16:12:57.668Z  
2025-09-03T16:12:57.669Z  Import trace for requested module:
2025-09-03T16:12:57.669Z  ./app/api/home/content/route.ts
2025-09-03T16:12:57.669Z  
2025-09-03T16:12:57.669Z  ./app/api/mypage/liked-campaigns/route.ts
2025-09-03T16:12:57.669Z  Attempted import error: 'prisma' is not exported from '@/lib/db' (imported as 'prisma').
2025-09-03T16:12:57.669Z  
2025-09-03T16:12:57.669Z  Import trace for requested module:
2025-09-03T16:12:57.669Z  ./app/api/mypage/liked-campaigns/route.ts
2025-09-03T16:12:57.669Z  
2025-09-03T16:12:57.669Z  ./app/api/payment/refund/route.ts
2025-09-03T16:12:57.669Z  Attempted import error: 'prisma' is not exported from '@/lib/db' (imported as 'prisma').
2025-09-03T16:12:57.669Z  
2025-09-03T16:12:57.669Z  Import trace for requested module:
2025-09-03T16:12:57.669Z  ./app/api/payment/refund/route.ts
2025-09-03T16:12:57.669Z  
2025-09-03T16:12:57.669Z  ./app/api/test-language-switching/route.ts
2025-09-03T16:12:57.669Z  Attempted import error: 'prisma' is not exported from '@/lib/db' (imported as 'prisma').
2025-09-03T16:12:57.669Z  
2025-09-03T16:12:57.669Z  Import trace for requested module:
2025-09-03T16:12:57.670Z  ./app/api/test-language-switching/route.ts
2025-09-03T16:12:57.670Z  
2025-09-03T16:12:57.670Z  ./app/api/test-main-page-integration/route.ts
2025-09-03T16:12:57.670Z  Attempted import error: 'prisma' is not exported from '@/lib/db' (imported as 'prisma').
2025-09-03T16:12:57.670Z  
2025-09-03T16:12:57.670Z  Import trace for requested module:
2025-09-03T16:12:57.670Z  ./app/api/test-main-page-integration/route.ts
2025-09-03T16:12:57.670Z  
2025-09-03T16:12:57.670Z  ./lib/cache/redis-client.ts
2025-09-03T16:12:57.670Z  export 'redis' (reexported as 'redis') was not found in '@/lib/db/redis' (possible exports: closeRedis, default, getRedis, initRedis)
2025-09-03T16:12:57.670Z  
2025-09-03T16:12:57.670Z  Import trace for requested module:
2025-09-03T16:12:57.670Z  ./lib/cache/redis-client.ts
2025-09-03T16:12:57.670Z  ./lib/cache/cache-service.ts
2025-09-03T16:12:57.670Z  ./app/api/home/statistics/route.ts
2025-09-03T16:12:57.670Z  
2025-09-03T16:12:57.670Z  ./lib/cache/redis-client.ts
2025-09-03T16:12:57.670Z  Attempted import error: 'redis' is not exported from '@/lib/db/redis' (imported as 'redis').
2025-09-03T16:12:57.670Z  
2025-09-03T16:12:57.670Z  Import trace for requested module:
2025-09-03T16:12:57.670Z  ./lib/cache/redis-client.ts
2025-09-03T16:12:57.671Z  ./lib/cache/cache-service.ts
2025-09-03T16:12:57.671Z  ./app/api/home/statistics/route.ts
2025-09-03T16:12:57.671Z  
2025-09-03T16:12:57.671Z  ./lib/db/redis.ts
2025-09-03T16:12:57.671Z  Attempted import error: '@/lib/utils/logger' does not contain a default export (imported as 'logger').
2025-09-03T16:12:57.671Z  
2025-09-03T16:12:57.671Z  Import trace for requested module:
2025-09-03T16:12:57.671Z  ./lib/db/redis.ts
2025-09-03T16:12:57.671Z  ./lib/cache/redis-client.ts
2025-09-03T16:12:57.672Z  ./lib/cache/cache-service.ts
2025-09-03T16:12:57.672Z  ./app/api/home/statistics/route.ts
2025-09-03T16:12:57.672Z  
2025-09-03T16:12:57.672Z  ./lib/db/redis.ts
2025-09-03T16:12:57.672Z  Attempted import error: '@/lib/utils/logger' does not contain a default export (imported as 'logger').
2025-09-03T16:12:57.672Z  
2025-09-03T16:12:57.672Z  Import trace for requested module:
2025-09-03T16:12:57.672Z  ./lib/db/redis.ts
2025-09-03T16:12:57.672Z  ./lib/cache/redis-client.ts
2025-09-03T16:12:57.672Z  ./lib/cache/cache-service.ts
2025-09-03T16:12:57.672Z  ./app/api/home/statistics/route.ts
2025-09-03T16:12:57.672Z  
2025-09-03T16:12:57.672Z  ./lib/db/redis.ts
2025-09-03T16:12:57.672Z  Attempted import error: '@/lib/utils/logger' does not contain a default export (imported as 'logger').
2025-09-03T16:12:57.672Z  
2025-09-03T16:12:57.672Z  Import trace for requested module:
2025-09-03T16:12:57.672Z  ./lib/db/redis.ts
2025-09-03T16:12:57.672Z  ./lib/cache/redis-client.ts
2025-09-03T16:12:57.672Z  ./lib/cache/cache-service.ts
2025-09-03T16:12:57.672Z  ./app/api/home/statistics/route.ts
2025-09-03T16:12:57.672Z  
2025-09-03T16:12:57.673Z  ./lib/db/redis.ts
2025-09-03T16:12:57.673Z  Attempted import error: '@/lib/utils/logger' does not contain a default export (imported as 'logger').
2025-09-03T16:12:57.673Z  
2025-09-03T16:12:57.673Z  Import trace for requested module:
2025-09-03T16:12:57.673Z  ./lib/db/redis.ts
2025-09-03T16:12:57.673Z  ./lib/cache/redis-client.ts
2025-09-03T16:12:57.673Z  ./lib/cache/cache-service.ts
2025-09-03T16:12:57.673Z  ./app/api/home/statistics/route.ts
2025-09-03T16:12:57.673Z  
2025-09-03T16:12:57.673Z  ./lib/db/redis.ts
2025-09-03T16:12:57.673Z  Attempted import error: '@/lib/utils/logger' does not contain a default export (imported as 'logger').
2025-09-03T16:12:57.673Z  
2025-09-03T16:12:57.673Z  Import trace for requested module:
2025-09-03T16:12:57.673Z  ./lib/db/redis.ts
2025-09-03T16:12:57.673Z  ./lib/cache/redis-client.ts
2025-09-03T16:12:57.673Z  ./lib/cache/cache-service.ts
2025-09-03T16:12:57.673Z  ./app/api/home/statistics/route.ts
2025-09-03T16:12:57.673Z  
2025-09-03T16:12:57.673Z  ./lib/db/redis.ts
2025-09-03T16:12:57.673Z  Attempted import error: '@/lib/utils/logger' does not contain a default export (imported as 'logger').
2025-09-03T16:12:57.673Z  
2025-09-03T16:12:57.673Z  Import trace for requested module:
2025-09-03T16:12:57.673Z  ./lib/db/redis.ts
2025-09-03T16:12:57.674Z  ./lib/cache/redis-client.ts
2025-09-03T16:12:57.674Z  ./lib/cache/cache-service.ts
2025-09-03T16:12:57.674Z  ./app/api/home/statistics/route.ts
2025-09-03T16:12:57.674Z  
2025-09-03T16:12:57.674Z  ./lib/monitoring/system-monitor.ts
2025-09-03T16:12:57.674Z  Attempted import error: 'prisma' is not exported from '@/lib/db' (imported as 'prisma').
2025-09-03T16:12:57.674Z  
2025-09-03T16:12:57.674Z  Import trace for requested module:
2025-09-03T16:12:57.674Z  ./lib/monitoring/system-monitor.ts
2025-09-03T16:12:57.674Z  ./app/api/admin/monitoring/route.ts
2025-09-03T16:12:57.674Z  
2025-09-03T16:12:57.674Z  ./lib/monitoring/system-monitor.ts
2025-09-03T16:12:57.674Z  Attempted import error: 'prisma' is not exported from '@/lib/db' (imported as 'prisma').
2025-09-03T16:12:57.674Z  
2025-09-03T16:12:57.674Z  Import trace for requested module:
2025-09-03T16:12:57.674Z  ./lib/monitoring/system-monitor.ts
2025-09-03T16:12:57.674Z  ./app/api/admin/monitoring/route.ts
2025-09-03T16:12:57.674Z  
2025-09-03T16:12:57.674Z  ./lib/scheduler/settlement-scheduler.ts
2025-09-03T16:12:57.674Z  Module not found: Can't resolve 'node-cron' in '/vercel/path0/lib/scheduler'
2025-09-03T16:12:57.675Z  
2025-09-03T16:12:57.675Z  Import trace for requested module:
2025-09-03T16:12:57.675Z  ./lib/scheduler/settlement-scheduler.ts
2025-09-03T16:12:57.675Z  ./app/api/admin/settlements/scheduler/route.ts
2025-09-03T16:12:57.675Z  
2025-09-03T16:12:57.675Z  ./lib/services/business/product-service.ts
2025-09-03T16:12:57.675Z  Attempted import error: 'prisma' is not exported from '@/lib/db' (imported as 'prisma').
2025-09-03T16:12:57.675Z  
2025-09-03T16:12:57.675Z  Import trace for requested module:
2025-09-03T16:12:57.675Z  ./lib/services/business/product-service.ts
2025-09-03T16:12:57.675Z  ./app/api/home/products/route.ts
2025-09-03T16:12:57.675Z  
2025-09-03T16:12:57.675Z  ./lib/services/business/product-service.ts
2025-09-03T16:12:57.675Z  Attempted import error: 'prisma' is not exported from '@/lib/db' (imported as 'prisma').
2025-09-03T16:12:57.675Z  
2025-09-03T16:12:57.675Z  Import trace for requested module:
2025-09-03T16:12:57.675Z  ./lib/services/business/product-service.ts
2025-09-03T16:12:57.675Z  ./app/api/home/products/route.ts
2025-09-03T16:12:57.675Z  
2025-09-03T16:12:57.675Z  ./lib/services/business/product-service.ts
2025-09-03T16:12:57.675Z  Attempted import error: 'prisma' is not exported from '@/lib/db' (imported as 'prisma').
2025-09-03T16:12:57.675Z  
2025-09-03T16:12:57.676Z  Import trace for requested module:
2025-09-03T16:12:57.676Z  ./lib/services/business/product-service.ts
2025-09-03T16:12:57.676Z  ./app/api/home/products/route.ts
2025-09-03T16:12:57.676Z  
2025-09-03T16:12:57.676Z  ./lib/services/business/product-service.ts
2025-09-03T16:12:57.676Z  Attempted import error: 'prisma' is not exported from '@/lib/db' (imported as 'prisma').
2025-09-03T16:12:57.676Z  
2025-09-03T16:12:57.676Z  Import trace for requested module:
2025-09-03T16:12:57.676Z  ./lib/services/business/product-service.ts
2025-09-03T16:12:57.676Z  ./app/api/home/products/route.ts
2025-09-03T16:12:57.676Z  
2025-09-03T16:12:57.676Z  ./lib/services/business/product-service.ts
2025-09-03T16:12:57.676Z  Attempted import error: 'prisma' is not exported from '@/lib/db' (imported as 'prisma').
2025-09-03T16:12:57.676Z  
2025-09-03T16:12:57.676Z  Import trace for requested module:
2025-09-03T16:12:57.676Z  ./lib/services/business/product-service.ts
2025-09-03T16:12:57.676Z  ./app/api/home/products/route.ts
2025-09-03T16:12:57.676Z  
2025-09-03T16:12:57.676Z  ./lib/services/business/product-service.ts
2025-09-03T16:12:57.676Z  Attempted import error: 'prisma' is not exported from '@/lib/db' (imported as 'prisma').
2025-09-03T16:12:57.676Z  
2025-09-03T16:12:57.676Z  Import trace for requested module:
2025-09-03T16:12:57.677Z  ./lib/services/business/product-service.ts
2025-09-03T16:12:57.677Z  ./app/api/home/products/route.ts
2025-09-03T16:12:57.677Z  
2025-09-03T16:12:57.677Z  ./lib/services/business/product-service.ts
2025-09-03T16:12:57.677Z  Attempted import error: 'prisma' is not exported from '@/lib/db' (imported as 'prisma').
2025-09-03T16:12:57.677Z  
2025-09-03T16:12:57.677Z  Import trace for requested module:
2025-09-03T16:12:57.677Z  ./lib/services/business/product-service.ts
2025-09-03T16:12:57.677Z  ./app/api/home/products/route.ts
2025-09-03T16:12:57.677Z  
2025-09-03T16:12:57.677Z  ./lib/services/settlement.service.ts
2025-09-03T16:12:57.677Z  Attempted import error: 'prisma' is not exported from '@/lib/db' (imported as 'prisma').
2025-09-03T16:12:57.677Z  
2025-09-03T16:12:57.677Z  Import trace for requested module:
2025-09-03T16:12:57.677Z  ./lib/services/settlement.service.ts
2025-09-03T16:12:57.677Z  ./app/api/admin/settlements/route.ts
2025-09-03T16:12:57.677Z  
2025-09-03T16:12:57.677Z  ./lib/services/settlement.service.ts
2025-09-03T16:12:57.677Z  Attempted import error: 'prisma' is not exported from '@/lib/db' (imported as 'prisma').
2025-09-03T16:12:57.677Z  
2025-09-03T16:12:57.677Z  Import trace for requested module:
2025-09-03T16:12:57.678Z  ./lib/services/settlement.service.ts
2025-09-03T16:12:57.678Z  ./app/api/admin/settlements/route.ts
2025-09-03T16:12:57.678Z  
2025-09-03T16:12:57.678Z  ./lib/services/settlement.service.ts
2025-09-03T16:12:57.678Z  Attempted import error: 'prisma' is not exported from '@/lib/db' (imported as 'prisma').
2025-09-03T16:12:57.678Z  
2025-09-03T16:12:57.679Z  Import trace for requested module:
2025-09-03T16:12:57.679Z  ./lib/services/settlement.service.ts
2025-09-03T16:12:57.679Z  ./app/api/admin/settlements/route.ts
2025-09-03T16:12:57.679Z  
2025-09-03T16:13:03.505Z  
2025-09-03T16:13:03.506Z  [1m[33mwarn[39m[22m - The `content` option in your Tailwind CSS configuration is missing or empty.
2025-09-03T16:13:03.506Z  [1m[33mwarn[39m[22m - Configure your content sources or your generated CSS will be missing styles.
2025-09-03T16:13:03.506Z  [1m[33mwarn[39m[22m - https://tailwindcss.com/docs/content-configuration
2025-09-03T16:13:09.321Z  Failed to compile.
2025-09-03T16:13:09.321Z  
2025-09-03T16:13:09.321Z  ./app/globals.css
2025-09-03T16:13:09.321Z  Module not found: Can't resolve 'tw-animate-css'
2025-09-03T16:13:09.321Z  
2025-09-03T16:13:09.321Z  https://nextjs.org/docs/messages/module-not-found
2025-09-03T16:13:09.321Z  
2025-09-03T16:13:09.321Z  Import trace for requested module:
2025-09-03T16:13:09.321Z  ./app/globals.css
2025-09-03T16:13:09.322Z  
2025-09-03T16:13:09.322Z  ./app/globals.css
2025-09-03T16:13:09.322Z  Error: Can't resolve 'tw-animate-css'
2025-09-03T16:13:09.322Z      at finishWithoutResolve (/vercel/path0/node_modules/next/dist/compiled/webpack/bundle5.js:1:191837)
2025-09-03T16:13:09.322Z      at /vercel/path0/node_modules/next/dist/compiled/webpack/bundle5.js:1:192737
2025-09-03T16:13:09.322Z      at /vercel/path0/node_modules/next/dist/compiled/webpack/bundle5.js:1:193370
2025-09-03T16:13:09.322Z      at eval (eval at create (/vercel/path0/node_modules/next/dist/compiled/webpack/bundle5.js:14:9224), <anonymous>:16:1)
2025-09-03T16:13:09.322Z      at /vercel/path0/node_modules/next/dist/compiled/webpack/bundle5.js:1:193370
2025-09-03T16:13:09.322Z      at eval (eval at create (/vercel/path0/node_modules/next/dist/compiled/webpack/bundle5.js:14:9224), <anonymous>:27:1)
2025-09-03T16:13:09.322Z      at /vercel/path0/node_modules/next/dist/compiled/webpack/bundle5.js:1:175252
2025-09-03T16:13:09.322Z      at /vercel/path0/node_modules/next/dist/compiled/webpack/bundle5.js:1:193370
2025-09-03T16:13:09.322Z      at eval (eval at create (/vercel/path0/node_modules/next/dist/compiled/webpack/bundle5.js:14:9224), <anonymous>:16:1)
2025-09-03T16:13:09.322Z      at /vercel/path0/node_modules/next/dist/compiled/webpack/bundle5.js:1:208998
2025-09-03T16:13:09.322Z  
2025-09-03T16:13:09.322Z  https://nextjs.org/docs/messages/module-not-found
2025-09-03T16:13:09.322Z  
2025-09-03T16:13:09.333Z  
2025-09-03T16:13:09.334Z  > Build failed because of webpack errors
2025-09-03T16:13:09.356Z  Error: Command "npm run build" exited with 1
Error: Command "npm run build" exited with 1
> 

> To check build logs run: `vercel inspect commerce-nextjs-coezrjokt-cheon43-gmailcoms-projects.vercel.app --logs`
> Or inspect them in your browser at https://commerce-nextjs-coezrjokt-cheon43-gmailcoms-projects.vercel.app/_logs
